# JRE version: OpenJDK Runtime Environment (8.0_112-b06) (build 1.8.0_112-release-b06)
# Java VM: OpenJDK 64-Bit Server VM (25.112-b06 mixed mode windows-amd64 compressed oops)
Heap:
 PSYoungGen      total 359424K, used 55827K [0x00000000e0000000, 0x00000000fe000000, 0x0000000100000000)
  eden space 324608K, 15% used [0x00000000e0000000,0x00000000e3003840,0x00000000f3d00000)
  from space 34816K, 19% used [0x00000000f3d00000,0x00000000f4381650,0x00000000f5f00000)
  to   space 33792K, 0% used [0x00000000fbf00000,0x00000000fbf00000,0x00000000fe000000)
 ParOldGen       total 163328K, used 78657K [0x00000000a0000000, 0x00000000a9f80000, 0x00000000e0000000)
  object space 163328K, 48% used [0x00000000a0000000,0x00000000a4cd0790,0x00000000a9f80000)
 Metaspace       used 65361K, capacity 68643K, committed 68696K, reserved 1107968K
  class space    used 8703K, capacity 9340K, committed 9344K, reserved 1048576K
GC Heap History (10 events):
Event: 57.548 GC heap before
{Heap before GC invocations=22 (full 3):
 PSYoungGen      total 225280K, used 208834K [0x00000000e0000000, 0x00000000efc00000, 0x0000000100000000)
  eden space 207872K, 98% used [0x00000000e0000000,0x00000000ec750920,0x00000000ecb00000)
  from space 17408K, 27% used [0x00000000eeb00000,0x00000000eefa0030,0x00000000efc00000)
  to   space 25088K, 0% used [0x00000000ecb00000,0x00000000ecb00000,0x00000000ee380000)
 ParOldGen       total 163328K, used 46421K [0x00000000a0000000, 0x00000000a9f80000, 0x00000000e0000000)
  object space 163328K, 28% used [0x00000000a0000000,0x00000000a2d554a0,0x00000000a9f80000)
 Metaspace       used 58586K, capacity 61417K, committed 61528K, reserved 1101824K
  class space    used 7905K, capacity 8487K, committed 8576K, reserved 1048576K
Event: 57.567 GC heap after
Heap after GC invocations=22 (full 3):
 PSYoungGen      total 232960K, used 25062K [0x00000000e0000000, 0x00000000f3900000, 0x0000000100000000)
  eden space 207872K, 0% used [0x00000000e0000000,0x00000000e0000000,0x00000000ecb00000)
  from space 25088K, 99% used [0x00000000ecb00000,0x00000000ee379b18,0x00000000ee380000)
  to   space 38912K, 0% used [0x00000000f1300000,0x00000000f1300000,0x00000000f3900000)
 ParOldGen       total 163328K, used 73636K [0x00000000a0000000, 0x00000000a9f80000, 0x00000000e0000000)
  object space 163328K, 45% used [0x00000000a0000000,0x00000000a47e9158,0x00000000a9f80000)
 Metaspace       used 58586K, capacity 61417K, committed 61528K, reserved 1101824K
  class space    used 7905K, capacity 8487K, committed 8576K, reserved 1048576K
}
Event: 57.992 GC heap before
{Heap before GC invocations=23 (full 3):
 PSYoungGen      total 232960K, used 232132K [0x00000000e0000000, 0x00000000f3900000, 0x0000000100000000)
  eden space 207872K, 99% used [0x00000000e0000000,0x00000000eca377e8,0x00000000ecb00000)
  from space 25088K, 99% used [0x00000000ecb00000,0x00000000ee379b18,0x00000000ee380000)
  to   space 38912K, 0% used [0x00000000f1300000,0x00000000f1300000,0x00000000f3900000)
 ParOldGen       total 163328K, used 73636K [0x00000000a0000000, 0x00000000a9f80000, 0x00000000e0000000)
  object space 163328K, 45% used [0x00000000a0000000,0x00000000a47e9158,0x00000000a9f80000)
 Metaspace       used 59280K, capacity 62121K, committed 62424K, reserved 1103872K
  class space    used 8008K, capacity 8591K, committed 8704K, reserved 1048576K
Event: 58.001 GC heap after
Heap after GC invocations=23 (full 3):
 PSYoungGen      total 283648K, used 16244K [0x00000000e0000000, 0x00000000f3c00000, 0x0000000100000000)
  eden space 244736K, 0% used [0x00000000e0000000,0x00000000e0000000,0x00000000eef00000)
  from space 38912K, 41% used [0x00000000f1300000,0x00000000f22dd230,0x00000000f3900000)
  to   space 36864K, 0% used [0x00000000eef00000,0x00000000eef00000,0x00000000f1300000)
 ParOldGen       total 163328K, used 73644K [0x00000000a0000000, 0x00000000a9f80000, 0x00000000e0000000)
  object space 163328K, 45% used [0x00000000a0000000,0x00000000a47eb158,0x00000000a9f80000)
 Metaspace       used 59280K, capacity 62121K, committed 62424K, reserved 1103872K
  class space    used 8008K, capacity 8591K, committed 8704K, reserved 1048576K
}
Event: 58.028 GC heap before
{Heap before GC invocations=24 (full 3):
 PSYoungGen      total 283648K, used 260837K [0x00000000e0000000, 0x00000000f3c00000, 0x0000000100000000)
  eden space 244736K, 99% used [0x00000000e0000000,0x00000000eeedc528,0x00000000eef00000)
  from space 38912K, 41% used [0x00000000f1300000,0x00000000f22dd230,0x00000000f3900000)
  to   space 36864K, 0% used [0x00000000eef00000,0x00000000eef00000,0x00000000f1300000)
 ParOldGen       total 163328K, used 73644K [0x00000000a0000000, 0x00000000a9f80000, 0x00000000e0000000)
  object space 163328K, 45% used [0x00000000a0000000,0x00000000a47eb158,0x00000000a9f80000)
 Metaspace       used 59288K, capacity 62121K, committed 62424K, reserved 1103872K
  class space    used 8008K, capacity 8591K, committed 8704K, reserved 1048576K
Event: 58.034 GC heap after
Heap after GC invocations=24 (full 3):
 PSYoungGen      total 281600K, used 15518K [0x00000000e0000000, 0x00000000f8500000, 0x0000000100000000)
  eden space 244736K, 0% used [0x00000000e0000000,0x00000000e0000000,0x00000000eef00000)
  from space 36864K, 42% used [0x00000000eef00000,0x00000000efe27ad0,0x00000000f1300000)
  to   space 34816K, 0% used [0x00000000f6300000,0x00000000f6300000,0x00000000f8500000)
 ParOldGen       total 163328K, used 73652K [0x00000000a0000000, 0x00000000a9f80000, 0x00000000e0000000)
  object space 163328K, 45% used [0x00000000a0000000,0x00000000a47ed158,0x00000000a9f80000)
 Metaspace       used 59288K, capacity 62121K, committed 62424K, reserved 1103872K
  class space    used 8008K, capacity 8591K, committed 8704K, reserved 1048576K
}
Event: 179.030 GC heap before
{Heap before GC invocations=25 (full 3):
 PSYoungGen      total 281600K, used 260254K [0x00000000e0000000, 0x00000000f8500000, 0x0000000100000000)
  eden space 244736K, 100% used [0x00000000e0000000,0x00000000eef00000,0x00000000eef00000)
  from space 36864K, 42% used [0x00000000eef00000,0x00000000efe27ad0,0x00000000f1300000)
  to   space 34816K, 0% used [0x00000000f6300000,0x00000000f6300000,0x00000000f8500000)
 ParOldGen       total 163328K, used 73652K [0x00000000a0000000, 0x00000000a9f80000, 0x00000000e0000000)
  object space 163328K, 45% used [0x00000000a0000000,0x00000000a47ed158,0x00000000a9f80000)
 Metaspace       used 59831K, capacity 62793K, committed 62936K, reserved 1103872K
  class space    used 8059K, capacity 8669K, committed 8704K, reserved 1048576K
Event: 179.037 GC heap after
Heap after GC invocations=25 (full 3):
 PSYoungGen      total 355328K, used 4728K [0x00000000e0000000, 0x00000000f8100000, 0x0000000100000000)
  eden space 324608K, 0% used [0x00000000e0000000,0x00000000e0000000,0x00000000f3d00000)
  from space 30720K, 15% used [0x00000000f6300000,0x00000000f679e108,0x00000000f8100000)
  to   space 34816K, 0% used [0x00000000f3d00000,0x00000000f3d00000,0x00000000f5f00000)
 ParOldGen       total 163328K, used 78316K [0x00000000a0000000, 0x00000000a9f80000, 0x00000000e0000000)
  object space 163328K, 47% used [0x00000000a0000000,0x00000000a4c7b0b8,0x00000000a9f80000)
 Metaspace       used 59831K, capacity 62793K, committed 62936K, reserved 1103872K
  class space    used 8059K, capacity 8669K, committed 8704K, reserved 1048576K
}
Event: 1196.625 GC heap before
{Heap before GC invocations=26 (full 3):
 PSYoungGen      total 355328K, used 329336K [0x00000000e0000000, 0x00000000f8100000, 0x0000000100000000)
  eden space 324608K, 100% used [0x00000000e0000000,0x00000000f3d00000,0x00000000f3d00000)
  from space 30720K, 15% used [0x00000000f6300000,0x00000000f679e108,0x00000000f8100000)
  to   space 34816K, 0% used [0x00000000f3d00000,0x00000000f3d00000,0x00000000f5f00000)
 ParOldGen       total 163328K, used 78316K [0x00000000a0000000, 0x00000000a9f80000, 0x00000000e0000000)
  object space 163328K, 47% used [0x00000000a0000000,0x00000000a4c7b0b8,0x00000000a9f80000)
 Metaspace       used 65290K, capacity 68583K, committed 68696K, reserved 1107968K
  class space    used 8698K, capacity 9330K, committed 9344K, reserved 1048576K
Event: 1196.633 GC heap after
Heap after GC invocations=26 (full 3):
 PSYoungGen      total 359424K, used 6661K [0x00000000e0000000, 0x00000000fe000000, 0x0000000100000000)
  eden space 324608K, 0% used [0x00000000e0000000,0x00000000e0000000,0x00000000f3d00000)
  from space 34816K, 19% used [0x00000000f3d00000,0x00000000f4381650,0x00000000f5f00000)
  to   space 33792K, 0% used [0x00000000fbf00000,0x00000000fbf00000,0x00000000fe000000)
 ParOldGen       total 163328K, used 78657K [0x00000000a0000000, 0x00000000a9f80000, 0x00000000e0000000)
  object space 163328K, 48% used [0x00000000a0000000,0x00000000a4cd0790,0x00000000a9f80000)
 Metaspace       used 65290K, capacity 68583K, committed 68696K, reserved 1107968K
  class space    used 8698K, capacity 9330K, committed 9344K, reserved 1048576K
}

